#
# A fatal error has been detected by the Java Runtime Environment:
#
#  EXCEPTION_ACCESS_VIOLATION (0xc0000005) at pc=0x000002c7878c4c1f, pid=7556, tid=5100
#
# JRE version: Java(TM) SE Runtime Environment (18.0.1.1+2) (build 18.0.1.1+2-6)
# Java VM: Java HotSpot(TM) 64-Bit Server VM (18.0.1.1+2-6, mixed mode, emulated-client, sharing, tiered, compressed oops, compressed class ptrs, g1 gc, windows-amd64)
# Problematic frame:
# v  ~BufferBlob::MethodHandles adapters
#
# No core dump will be written. Minidumps are not enabled by default on client versions of Windows
#
# If you would like to submit a bug report, please visit:
#   https://bugreport.java.com/bugreport/crash.jsp
#

---------------  S U M M A R Y ------------

Command Line: -XX:+ShowCodeDetailsInExceptionMessages -agentlib:jdwp=transport=dt_socket,suspend=y,address=localhost:50957 -Dcom.sun.management.jmxremote -Dcom.sun.management.jmxremote.port=50956 -Dcom.sun.management.jmxremote.authenticate=false -Dcom.sun.management.jmxremote.ssl=false -Djava.rmi.server.hostname=localhost -Dspring.jmx.enabled=true -Dspring.application.admin.enabled=true -XX:TieredStopAtLevel=1 -Dspring.boot.project.name=apiRestAlianza -javaagent:C:\Users\User\eclipse\jee-2022-03\eclipse\configuration\org.eclipse.osgi\422\0\.cp\lib\javaagent-shaded.jar -Dfile.encoding=UTF-8 com.restapicliente.ApiRestAlianzaApplication

Host: Intel(R) Core(TM) i7-8565U CPU @ 1.80GHz, 8 cores, 7G,  Windows 11 , 64 bit Build 22000 (10.0.22000.675)
Time: Thu May 26 16:29:05 2022 SA Pacific Standard Time elapsed time: 418.481840 seconds (0d 0h 6m 58s)

---------------  T H R E A D  ---------------

Current thread (0x000002c7972fa010):  JavaThread "http-nio-8080-exec-3" daemon [_thread_in_Java, id=5100, stack(0x000000e60de00000,0x000000e60df00000)]

Stack: [0x000000e60de00000,0x000000e60df00000],  sp=0x000000e60defd8a8,  free space=1014k
Native frames: (J=compiled Java code, j=interpreted, Vv=VM code, C=native code)
C  0x000002c7878c4c1f


siginfo: EXCEPTION_ACCESS_VIOLATION (0xc0000005), reading address 0x00000000000800a5


Register to memory mapping:

RIP=0x000002c7878c4c1f is at begin+72 in a stub
MethodHandle::interpreter_entry::_linkToVirtual [0x000002c7878c4bd7, 0x000002c7878c4c2a] (83 bytes)
RAX=0x000002c78787a304 is at code_begin+4516 in an Interpreter codelet
return entry points  [0x000002c787879160, 0x000002c78787b0a0]  8000 bytes
RBX=0x000000000008006d is an unknown value
RCX=0x000000e60defd8b0 is pointing into the stack for thread: 0x000002c7972fa010
RDX=0x0000000000000002 is an unknown value
RSP=0x000000e60defd8a8 is pointing into the stack for thread: 0x000002c7972fa010
RBP=0x000000e60defd8f8 is pointing into the stack for thread: 0x000002c7972fa010
RSI=0x000002c7ff390998 points into unknown readable memory: 0x8000340001572be0 | e0 2b 57 01 00 34 00 80
RDI=0x000002c796f8dad0 points into unknown readable memory: 0x0000001800000060 | 60 00 00 00 18 00 00 00
R8 =0x0000000000000004 is an unknown value
R9 =0x0000000000000004 is an unknown value
R10=0x00000008006dceb2 is pointing into metadata
R11=0x0000000000000001 is an unknown value
R12=0x0 is NULL
R13=0x000000e60defd8a8 is pointing into the stack for thread: 0x000002c7972fa010
R14=0x000000e60defd918 is pointing into the stack for thread: 0x000002c7972fa010
R15=0x000002c7972fa010 is a thread


Registers:
RAX=0x000002c78787a304, RBX=0x000000000008006d, RCX=0x000000e60defd8b0, RDX=0x0000000000000002
RSP=0x000000e60defd8a8, RBP=0x000000e60defd8f8, RSI=0x000002c7ff390998, RDI=0x000002c796f8dad0
R8 =0x0000000000000004, R9 =0x0000000000000004, R10=0x00000008006dceb2, R11=0x0000000000000001
R12=0x0000000000000000, R13=0x000000e60defd8a8, R14=0x000000e60defd918, R15=0x000002c7972fa010
RIP=0x000002c7878c4c1f, EFLAGS=0x0000000000010202

Top of Stack: (sp=0x000000e60defd8a8)
0x000000e60defd8a8:   000002c78787a304 000000e60defd8b0
0x000000e60defd8b8:   00000008006dceb2 000000e60defd918
0x000000e60defd8c8:   00000008000c49e8 00000000875d9568
0x000000e60defd8d8:   00000000845d3ab0 00000008000c72c0
0x000000e60defd8e8:   000000e60defd8a8 000000e60defd920
0x000000e60defd8f8:   000000e60defdc48 000002c787f14216
0x000000e60defd908:   00000000875d9600 00000000885b0830
0x000000e60defd918:   00000000875d9778 00000000875d9998
0x000000e60defd928:   0000000000000000 000000e60defdc48
0x000000e60defd938:   000002c787c742c4 00000000875d9970
0x000000e60defd948:   00000000885b0830 00000000875d9920
0x000000e60defd958:   00000000875d9778 00000000885b0830
0x000000e60defd968:   000002c787f14134 000000e60defdc48
0x000000e60defd978:   000002c787f8e1d6 0000000000000000
0x000000e60defd988:   0000000801395940 0000000086f3de88
0x000000e60defd998:   0000000000000000 00007ffcdf6042f0 

Instructions: (pc=0x000002c7878c4c1f)
0x000002c7878c4b1f:   00 68 00 00 00 ff ff ff ff 10 10 00 00 00 00 00
0x000002c7878c4b2f:   00 80 4b 8c 87 c7 02 00 00 20 5b 8c 87 c7 02 00
0x000002c7878c4b3f:   00 80 4b 8c 87 c7 02 00 00 20 5b 8c 87 c7 02 00
0x000002c7878c4b4f:   00 78 4b 8c 87 c7 02 00 00 78 4b 8c 87 c7 02 00
0x000002c7878c4b5f:   00 00 00 00 00 00 00 00 00 00 00 00 00 00 00 00
0x000002c7878c4b6f:   00 68 28 5b df fc 7f 00 00 00 00 00 00 00 00 00
0x000002c7878c4b7f:   00 f4 66 66 66 0f 1f 84 00 00 00 00 00 66 66 66
0x000002c7878c4b8f:   90 66 66 66 0f 1f 84 00 00 00 00 00 66 66 66 90
0x000002c7878c4b9f:   90 48 8b 53 08 0f b7 52 2c 48 8b 0c d4 8b 59 14
0x000002c7878c4baf:   8b 5b 28 8b 5b 24 48 8b 5b 10 48 85 db 0f 84 10
0x000002c7878c4bbf:   00 00 00 41 80 bf 80 04 00 00 00 74 03 ff 63 38
0x000002c7878c4bcf:   ff 63 50 e9 a9 f6 ff ff 66 0f 1f 84 00 00 00 00
0x000002c7878c4bdf:   00 48 8b 53 08 0f b7 52 2c 48 8b 0c d4 58 5b 50
0x000002c7878c4bef:   44 8b 51 08 49 bb 00 00 00 00 08 00 00 00 4d 03
0x000002c7878c4bff:   d3 4c 8b 5b 10 4b 8b 9c da b8 01 00 00 48 85 db
0x000002c7878c4c0f:   0f 84 10 00 00 00 41 80 bf 80 04 00 00 00 74 03
0x000002c7878c4c1f:   ff 63 38 ff 63 50 e9 56 f6 ff ff 66 66 66 0f 1f
0x000002c7878c4c2f:   84 00 00 00 00 00 66 66 66 90 0f 1f 80 00 00 00
0x000002c7878c4c3f:   00 58 5b 50 8b 5b 24 48 8b 5b 10 48 85 db 0f 84
0x000002c7878c4c4f:   10 00 00 00 41 80 bf 80 04 00 00 00 74 03 ff 63
0x000002c7878c4c5f:   38 ff 63 50 e9 18 f6 ff ff 66 66 66 0f 1f 84 00
0x000002c7878c4c6f:   00 00 00 00 66 66 66 90 66 0f 1f 84 00 00 00 00
0x000002c7878c4c7f:   00 48 8b 53 08 0f b7 52 2c 48 8b 0c d4 58 5b 50
0x000002c7878c4c8f:   48 3b 01 8b 5b 24 48 8b 5b 10 48 85 db 0f 84 10
0x000002c7878c4c9f:   00 00 00 41 80 bf 80 04 00 00 00 74 03 ff 63 38
0x000002c7878c4caf:   ff 63 50 e9 c9 f5 ff ff 66 0f 1f 84 00 00 00 00
0x000002c7878c4cbf:   00 48 8b 53 08 0f b7 52 2c 48 8b 0c d4 58 5b 50
0x000002c7878c4ccf:   44 8b 51 08 49 bb 00 00 00 00 08 00 00 00 4d 03
0x000002c7878c4cdf:   d3 8b 43 18 48 8b 40 10 48 8b 5b 10 45 8b 9a a0
0x000002c7878c4cef:   00 00 00 4f 8d 9c da b8 01 00 00 4d 8d 14 da 49
0x000002c7878c4cff:   8b 1b 48 3b c3 74 15 48 85 db 0f 84 32 00 00 00
0x000002c7878c4d0f:   49 83 c3 10 49 8b 1b 48 3b c3 75 eb 45 8b 5b 08 


Stack slot to memory mapping:
stack at sp + 0 slots: 0x000002c78787a304 is at code_begin+4516 in an Interpreter codelet
return entry points  [0x000002c787879160, 0x000002c78787b0a0]  8000 bytes
stack at sp + 1 slots: 0x000000e60defd8b0 is pointing into the stack for thread: 0x000002c7972fa010
stack at sp + 2 slots: 0x00000008006dceb2 is pointing into metadata
stack at sp + 3 slots: 0x000000e60defd918 is pointing into the stack for thread: 0x000002c7972fa010
stack at sp + 4 slots: 0x00000008000c49e8 is pointing into metadata
stack at sp + 5 slots: 0x00000000875d9568 is an oop: java.lang.ref.WeakReference 
{0x00000000875d9568} - klass: 'java/lang/ref/WeakReference'
 - ---- fields (total size 4 words):
 - private 'referent' 'Ljava/lang/Object;' @12  a 'java/lang/Class'{0x00000000853193f0} = 'org/springframework/web/method/support/InvocableHandlerMethod' (853193f0)
 - volatile 'queue' 'Ljava/lang/ref/ReferenceQueue;' @16  a 'java/lang/ref/ReferenceQueue$Null'{0x00000000845e26d0} (845e26d0)
 - volatile 'next' 'Ljava/lang/ref/Reference;' @20  NULL (0)
 - private transient 'discovered' 'Ljava/lang/ref/Reference;' @24  NULL (0)
stack at sp + 6 slots: 0x00000000845d3ab0 is an oop: java.lang.Class 
{0x00000000845d3ab0} - klass: 'java/lang/Class'
 - ---- fields (total size 14 words):
 - private volatile transient 'classRedefinedCount' 'I' @12  0
 - abstract internal 'klass' 'J' @16  34360542728 (c4608 8)
 - abstract internal 'array_klass' 'J' @24  0 (0 0)
 - abstract internal 'oop_size' 'I' @32  14 (e)
 - abstract internal 'static_oop_field_count' 'I' @36  0
 - private volatile transient 'cachedConstructor' 'Ljava/lang/reflect/Constructor;' @40  NULL (0)
 - private transient 'name' 'Ljava/lang/String;' @44  NULL (0)
 - private transient 'module' 'Ljava/lang/Module;' @48  a 'java/lang/Module'{0x0000000084600c78} (84600c78)
 - private final 'classLoader' 'Ljava/lang/ClassLoader;' @52  NULL (0)
 - private transient 'classData' 'Ljava/lang/Object;' @56  NULL (0)
 - private transient 'packageName' 'Ljava/lang/String;' @60  NULL (0)
 - private final 'componentType' 'Ljava/lang/Class;' @64  NULL (0)
 - private volatile transient 'reflectionData' 'Ljava/lang/ref/SoftReference;' @68  NULL (0)
 - private volatile transient 'genericInfo' 'Lsun/reflect/generics/repository/ClassRepository;' @72  NULL (0)
 - private volatile transient 'enumConstants' '[Ljava/lang/Object;' @76  NULL (0)
 - private volatile transient 'enumConstantDirectory' 'Ljava/util/Map;' @80  NULL (0)
 - private volatile transient 'annotationData' 'Ljava/lang/Class$AnnotationData;' @84  NULL (0)
 - private volatile transient 'annotationType' 'Lsun/reflect/annotation/AnnotationType;' @88  NULL (0)
 - transient 'classValueMap' 'Ljava/lang/ClassValue$ClassValueMap;' @92  NULL (0)
 - abstract internal 'protection_domain' 'Ljava/lang/Object;' @96  NULL (0)
 - abstract internal 'signers_name' 'Ljava/lang/Object;' @100  NULL (0)
 - abstract internal 'source_file' 'Ljava/lang/Object;' @104  NULL (0)
 - signature: Ljava/lang/invoke/DirectMethodHandle$Holder;
 - ---- static fields (0):
stack at sp + 7 slots: {method} {0x00000008000c72c8} 'invokeVirtual' '(Ljava/lang/Object;Ljava/lang/Object;)Ljava/lang/Object;' in 'java/lang/invoke/DirectMethodHandle$Holder'

MethodHandle::interpreter_entry::_linkToVirtual [0x000002c7878c4bd7, 0x000002c7878c4c2a] (83 bytes)
[MachCode]
  0x000002c7878c4bd7: 660f 1f84 | 0000 0000 | 0048 8b53 | 080f b752 | 2c48 8b0c | d458 5b50 | 448b 5108 | 49bb 0000 
  0x000002c7878c4bf7: 0000 0800 | 0000 4d03 | d34c 8b5b | 104b 8b9c | dab8 0100 | 0048 85db | 0f84 1000 | 0000 4180 
  0x000002c7878c4c17: bf80 0400 | 0000 7403 | ff63 38ff | 6350 e956 | 
[/MachCode]

---------------  P R O C E S S  ---------------

Threads class SMR info:
_java_thread_list=0x000002c796dd4ee0, length=38, elements={
0x000002c7ff31f780, 0x000002c7ff320b80, 0x000002c7ff33a660, 0x000002c7ff33b000,
0x000002c7ff33c140, 0x000002c7ff33d280, 0x000002c7ff33ec30, 0x000002c7ff349af0,
0x000002c7ff3aeaf0, 0x000002c79492eda0, 0x000002c79492fa40, 0x000002c794931330,
0x000002c795149550, 0x000002c79520b3d0, 0x000002c795228f50, 0x000002c79524ae30,
0x000002c7959fc6a0, 0x000002c795a38f50, 0x000002c795a6ecc0, 0x000002c795a6d4b0,
0x000002c7972fb820, 0x000002c7972fb350, 0x000002c7972fcb60, 0x000002c7972fbcf0,
0x000002c7972fe840, 0x000002c7972fc690, 0x000002c797300050, 0x000002c7972ff6b0,
0x000002c7972fa010, 0x000002c7972fd500, 0x000002c7972fa9b0, 0x000002c7972ffb80,
0x000002c7972f9670, 0x000002c7972f8cd0, 0x000002c7972fae80, 0x000002c7972fc1c0,
0x000002c7972fd030, 0x000002c795a6d980
}

Java Threads: ( => current thread )
  0x000002c7ff31f780 JavaThread "Reference Handler" daemon [_thread_blocked, id=2044, stack(0x000000e60b600000,0x000000e60b700000)]
  0x000002c7ff320b80 JavaThread "Finalizer" daemon [_thread_blocked, id=13400, stack(0x000000e60b700000,0x000000e60b800000)]
  0x000002c7ff33a660 JavaThread "Signal Dispatcher" daemon [_thread_blocked, id=15652, stack(0x000000e60b800000,0x000000e60b900000)]
  0x000002c7ff33b000 JavaThread "Attach Listener" daemon [_thread_blocked, id=14380, stack(0x000000e60b900000,0x000000e60ba00000)]
  0x000002c7ff33c140 JavaThread "Service Thread" daemon [_thread_blocked, id=576, stack(0x000000e60ba00000,0x000000e60bb00000)]
  0x000002c7ff33d280 JavaThread "Monitor Deflation Thread" daemon [_thread_blocked, id=2436, stack(0x000000e60bb00000,0x000000e60bc00000)]
  0x000002c7ff33ec30 JavaThread "C1 CompilerThread0" daemon [_thread_blocked, id=4004, stack(0x000000e60bc00000,0x000000e60bd00000)]
  0x000002c7ff349af0 JavaThread "Sweeper thread" daemon [_thread_blocked, id=11560, stack(0x000000e60bd00000,0x000000e60be00000)]
  0x000002c7ff3aeaf0 JavaThread "Common-Cleaner" daemon [_thread_blocked, id=12968, stack(0x000000e60be00000,0x000000e60bf00000)]
  0x000002c79492eda0 JavaThread "JDWP Transport Listener: dt_socket" daemon [_thread_blocked, id=12692, stack(0x000000e60c100000,0x000000e60c200000)]
  0x000002c79492fa40 JavaThread "JDWP Event Helper Thread" daemon [_thread_blocked, id=15044, stack(0x000000e60c200000,0x000000e60c300000)]
  0x000002c794931330 JavaThread "JDWP Command Reader" daemon [_thread_in_native, id=14528, stack(0x000000e60c300000,0x000000e60c400000)]
  0x000002c795149550 JavaThread "Notification Thread" daemon [_thread_blocked, id=8628, stack(0x000000e60c500000,0x000000e60c600000)]
  0x000002c79520b3d0 JavaThread "RMI TCP Accept-0" daemon [_thread_in_native, id=7456, stack(0x000000e60c600000,0x000000e60c700000)]
  0x000002c795228f50 JavaThread "RMI TCP Accept-50956" daemon [_thread_in_native, id=564, stack(0x000000e60c700000,0x000000e60c800000)]
  0x000002c79524ae30 JavaThread "RMI TCP Accept-0" daemon [_thread_in_native, id=2804, stack(0x000000e60c800000,0x000000e60c900000)]
  0x000002c7959fc6a0 JavaThread "RMI Scheduler(0)" daemon [_thread_blocked, id=17120, stack(0x000000e60d500000,0x000000e60d600000)]
  0x000002c795a38f50 JavaThread "RMI TCP Connection(idle)" daemon [_thread_blocked, id=15528, stack(0x000000e60d600000,0x000000e60d700000)]
  0x000002c795a6ecc0 JavaThread "JMX server connection timeout 28" daemon [_thread_blocked, id=6284, stack(0x000000e60d700000,0x000000e60d800000)]
  0x000002c795a6d4b0 JavaThread "Live Reload Server" daemon [_thread_in_native, id=8940, stack(0x000000e60e000000,0x000000e60e100000)]
  0x000002c7972fb820 JavaThread "DestroyJavaVM" [_thread_blocked, id=7492, stack(0x000000e60af00000,0x000000e60b000000)]
  0x000002c7972fb350 JavaThread "HikariPool-3 housekeeper" daemon [_thread_blocked, id=8852, stack(0x000000e60d200000,0x000000e60d300000)]
  0x000002c7972fcb60 JavaThread "Catalina-utility-1" [_thread_blocked, id=15588, stack(0x000000e60d300000,0x000000e60d400000)]
  0x000002c7972fbcf0 JavaThread "Catalina-utility-2" [_thread_blocked, id=8692, stack(0x000000e60d400000,0x000000e60d500000)]
  0x000002c7972fe840 JavaThread "container-0" [_thread_blocked, id=3236, stack(0x000000e60d900000,0x000000e60da00000)]
  0x000002c7972fc690 JavaThread "File Watcher" daemon [_thread_blocked, id=17152, stack(0x000000e60db00000,0x000000e60dc00000)]
  0x000002c797300050 JavaThread "http-nio-8080-exec-1" daemon [_thread_blocked, id=3000, stack(0x000000e60dc00000,0x000000e60dd00000)]
  0x000002c7972ff6b0 JavaThread "http-nio-8080-exec-2" daemon [_thread_blocked, id=15472, stack(0x000000e60dd00000,0x000000e60de00000)]
=>0x000002c7972fa010 JavaThread "http-nio-8080-exec-3" daemon [_thread_in_Java, id=5100, stack(0x000000e60de00000,0x000000e60df00000)]
  0x000002c7972fd500 JavaThread "http-nio-8080-exec-4" daemon [_thread_blocked, id=4808, stack(0x000000e60df00000,0x000000e60e000000)]
  0x000002c7972fa9b0 JavaThread "http-nio-8080-exec-5" daemon [_thread_blocked, id=6436, stack(0x000000e60e100000,0x000000e60e200000)]
  0x000002c7972ffb80 JavaThread "http-nio-8080-exec-6" daemon [_thread_blocked, id=14532, stack(0x000000e60e200000,0x000000e60e300000)]
  0x000002c7972f9670 JavaThread "http-nio-8080-exec-7" daemon [_thread_blocked, id=6572, stack(0x000000e60e300000,0x000000e60e400000)]
  0x000002c7972f8cd0 JavaThread "http-nio-8080-exec-8" daemon [_thread_blocked, id=12912, stack(0x000000e60e400000,0x000000e60e500000)]
  0x000002c7972fae80 JavaThread "http-nio-8080-exec-9" daemon [_thread_blocked, id=10352, stack(0x000000e60e500000,0x000000e60e600000)]
  0x000002c7972fc1c0 JavaThread "http-nio-8080-exec-10" daemon [_thread_blocked, id=10172, stack(0x000000e60e600000,0x000000e60e700000)]
  0x000002c7972fd030 JavaThread "http-nio-8080-Poller" daemon [_thread_in_native, id=16480, stack(0x000000e60e700000,0x000000e60e800000)]
  0x000002c795a6d980 JavaThread "http-nio-8080-Acceptor" daemon [_thread_in_native, id=7672, stack(0x000000e60e800000,0x000000e60e900000)]

Other Threads:
  0x000002c7ff31c620 VMThread "VM Thread" [stack: 0x000000e60b500000,0x000000e60b600000] [id=10688] _threads_hazard_ptr=0x000002c796dd4ee0
  0x000002c7fbb8f5f0 WatcherThread "VM Periodic Task Thread" [stack: 0x000000e60c900000,0x000000e60ca00000] [id=1212]
  0x000002c7fbbed8f0 WorkerThread "GC Thread#0" [stack: 0x000000e60b000000,0x000000e60b100000] [id=12924]
  0x000002c79539b890 WorkerThread "GC Thread#1" [stack: 0x000000e60ca00000,0x000000e60cb00000] [id=9220]
  0x000002c7953bd6f0 WorkerThread "GC Thread#2" [stack: 0x000000e60cb00000,0x000000e60cc00000] [id=7320]
  0x000002c7953bd990 WorkerThread "GC Thread#3" [stack: 0x000000e60cc00000,0x000000e60cd00000] [id=12364]
  0x000002c7953be040 WorkerThread "GC Thread#4" [stack: 0x000000e60cd00000,0x000000e60ce00000] [id=7840]
  0x000002c7953be2e0 WorkerThread "GC Thread#5" [stack: 0x000000e60ce00000,0x000000e60cf00000] [id=9712]
  0x000002c7953c09a0 WorkerThread "GC Thread#6" [stack: 0x000000e60cf00000,0x000000e60d000000] [id=14116]
  0x000002c7953c1460 WorkerThread "GC Thread#7" [stack: 0x000000e60d000000,0x000000e60d100000] [id=12548]
  0x000002c7fbbfe780 ConcurrentGCThread "G1 Main Marker" [stack: 0x000000e60b100000,0x000000e60b200000] [id=15040]
  0x000002c7fbc00180 WorkerThread "G1 Conc#0" [stack: 0x000000e60b200000,0x000000e60b300000] [id=11548]
  0x000002c795fdeb50 WorkerThread "G1 Conc#1" [stack: 0x000000e60d800000,0x000000e60d900000] [id=1900]
  0x000002c7ff1d61b0 ConcurrentGCThread "G1 Refine#0" [stack: 0x000000e60b300000,0x000000e60b400000] [id=9152]
  0x000002c7953c1b10 ConcurrentGCThread "G1 Refine#1" [stack: 0x000000e60d100000,0x000000e60d200000] [id=12884]
  0x000002c7ff1d6ac0 ConcurrentGCThread "G1 Service" [stack: 0x000000e60b400000,0x000000e60b500000] [id=16836]

Threads with active compile tasks:

VM state: synchronizing (normal execution)

VM Mutex/Monitor currently owned by a thread:  ([mutex/lock_event])
[0x000002c7fbb8aad0] Threads_lock - owner thread: 0x000002c7ff31c620

Heap address: 0x0000000084200000, size: 1982 MB, Compressed Oops mode: 32-bit

CDS archive(s) mapped at: [0x0000000800000000-0x0000000800ba0000-0x0000000800ba0000), size 12189696, SharedBaseAddress: 0x0000000800000000, ArchiveRelocationMode: 0.
Compressed class space mapped at: 0x0000000800c00000-0x0000000840c00000, reserved size: 1073741824
Narrow klass base: 0x0000000800000000, Narrow klass shift: 0, Narrow klass range: 0x100000000

GC Precious Log:
 CardTable entry size: 512
 Card Set container configuration: InlinePtr #cards 5 size 8 Array Of Cards #cards 12 size 40 Howl #buckets 4 coarsen threshold 1843 Howl Bitmap #cards 512 size 80 coarsen threshold 460 Card regions per heap region 1 cards per card region 2048
 CPUs: 8 total, 8 available
 Memory: 7923M
 Large Page Support: Disabled
 NUMA Support: Disabled
 Compressed Oops: Enabled (32-bit)
 Heap Region Size: 1M
 Heap Min Capacity: 8M
 Heap Initial Capacity: 124M
 Heap Max Capacity: 1982M
 Pre-touch: Disabled
 Parallel Workers: 8
 Concurrent Workers: 2
 Concurrent Refinement Workers: 8
 Periodic GC: Disabled

Heap:
 garbage-first heap   total 71680K, used 50041K [0x0000000084200000, 0x0000000100000000)
  region size 1024K, 30 young (30720K), 4 survivors (4096K)
 Metaspace       used 58693K, committed 59136K, reserved 1114112K
  class space    used 7874K, committed 8064K, reserved 1048576K

Heap Regions: E=young(eden), S=young(survivor), O=old, HS=humongous(starts), HC=humongous(continues), CS=collection set, F=free, OA=open archive, CA=closed archive, TAMS=top-at-mark-start (previous, next)
|   0|0x0000000084200000, 0x0000000084300000, 0x0000000084300000|100%|HS|  |TAMS 0x0000000084300000, 0x0000000084200000| Untracked 
|   1|0x0000000084300000, 0x0000000084400000, 0x0000000084400000|100%| O|  |TAMS 0x0000000084400000, 0x0000000084300000| Untracked 
|   2|0x0000000084400000, 0x00000000844fffe0, 0x0000000084500000| 99%| O|  |TAMS 0x00000000844fffe0, 0x0000000084400000| Untracked 
|   3|0x0000000084500000, 0x00000000845fff98, 0x0000000084600000| 99%| O|  |TAMS 0x00000000845fff98, 0x0000000084500000| Untracked 
|   4|0x0000000084600000, 0x0000000084700000, 0x0000000084700000|100%| O|  |TAMS 0x0000000084700000, 0x0000000084600000| Untracked 
|   5|0x0000000084700000, 0x0000000084800000, 0x0000000084800000|100%| O|  |TAMS 0x0000000084800000, 0x0000000084700000| Untracked 
|   6|0x0000000084800000, 0x0000000084900000, 0x0000000084900000|100%| O|  |TAMS 0x0000000084800000, 0x0000000084800000| Untracked 
|   7|0x0000000084900000, 0x00000000849fff98, 0x0000000084a00000| 99%| O|  |TAMS 0x0000000084900000, 0x0000000084900000| Untracked 
|   8|0x0000000084a00000, 0x0000000084afffd8, 0x0000000084b00000| 99%| O|  |TAMS 0x0000000084a00000, 0x0000000084a00000| Untracked 
|   9|0x0000000084b00000, 0x0000000084bfffe8, 0x0000000084c00000| 99%| O|  |TAMS 0x0000000084b00000, 0x0000000084b00000| Untracked 
|  10|0x0000000084c00000, 0x0000000084cffff0, 0x0000000084d00000| 99%| O|  |TAMS 0x0000000084c00000, 0x0000000084c00000| Untracked 
|  11|0x0000000084d00000, 0x0000000084dfffc0, 0x0000000084e00000| 99%| O|  |TAMS 0x0000000084d00000, 0x0000000084d00000| Untracked 
|  12|0x0000000084e00000, 0x0000000084f00000, 0x0000000084f00000|100%| O|  |TAMS 0x0000000084e00000, 0x0000000084e00000| Untracked 
|  13|0x0000000084f00000, 0x0000000084ffffe8, 0x0000000085000000| 99%| O|  |TAMS 0x0000000084f00000, 0x0000000084f00000| Untracked 
|  14|0x0000000085000000, 0x0000000085100000, 0x0000000085100000|100%| O|  |TAMS 0x0000000085100000, 0x0000000085000000| Untracked 
|  15|0x0000000085100000, 0x00000000851ffff8, 0x0000000085200000| 99%| O|  |TAMS 0x0000000085100000, 0x0000000085100000| Untracked 
|  16|0x0000000085200000, 0x00000000852d15d8, 0x0000000085300000| 81%| O|  |TAMS 0x0000000085200000, 0x0000000085200000| Untracked 
|  17|0x0000000085300000, 0x0000000085400000, 0x0000000085400000|100%| O|  |TAMS 0x0000000085300000, 0x0000000085300000| Untracked 
|  18|0x0000000085400000, 0x00000000854fffd0, 0x0000000085500000| 99%| O|  |TAMS 0x0000000085400000, 0x0000000085400000| Untracked 
|  19|0x0000000085500000, 0x00000000855ffff0, 0x0000000085600000| 99%| O|  |TAMS 0x0000000085500000, 0x0000000085500000| Untracked 
|  20|0x0000000085600000, 0x0000000085663fe8, 0x0000000085700000| 39%| O|  |TAMS 0x0000000085600000, 0x0000000085600000| Untracked 
|  21|0x0000000085700000, 0x0000000085700000, 0x0000000085800000|  0%| F|  |TAMS 0x0000000085700000, 0x0000000085700000| Untracked 
|  22|0x0000000085800000, 0x0000000085800000, 0x0000000085900000|  0%| F|  |TAMS 0x0000000085800000, 0x0000000085800000| Untracked 
|  23|0x0000000085900000, 0x0000000085900000, 0x0000000085a00000|  0%| F|  |TAMS 0x0000000085900000, 0x0000000085900000| Untracked 
|  24|0x0000000085a00000, 0x0000000085a00000, 0x0000000085b00000|  0%| F|  |TAMS 0x0000000085a00000, 0x0000000085a00000| Untracked 
|  25|0x0000000085b00000, 0x0000000085b00000, 0x0000000085c00000|  0%| F|  |TAMS 0x0000000085b00000, 0x0000000085b00000| Untracked 
|  26|0x0000000085c00000, 0x0000000085c00000, 0x0000000085d00000|  0%| F|  |TAMS 0x0000000085c00000, 0x0000000085c00000| Untracked 
|  27|0x0000000085d00000, 0x0000000085d00000, 0x0000000085e00000|  0%| F|  |TAMS 0x0000000085d00000, 0x0000000085d00000| Untracked 
|  28|0x0000000085e00000, 0x0000000085e00000, 0x0000000085f00000|  0%| F|  |TAMS 0x0000000085e00000, 0x0000000085e00000| Untracked 
|  29|0x0000000085f00000, 0x0000000085f00000, 0x0000000086000000|  0%| F|  |TAMS 0x0000000085f00000, 0x0000000085f00000| Untracked 
|  30|0x0000000086000000, 0x0000000086028ab8, 0x0000000086100000| 15%| O|  |TAMS 0x0000000086000000, 0x0000000086000000| Untracked 
|  31|0x0000000086100000, 0x00000000861060a8, 0x0000000086200000|  2%| O|  |TAMS 0x0000000086100000, 0x0000000086100000| Untracked 
|  32|0x0000000086200000, 0x0000000086200000, 0x0000000086300000|  0%| F|  |TAMS 0x0000000086200000, 0x0000000086200000| Untracked 
|  33|0x0000000086300000, 0x0000000086330f10, 0x0000000086400000| 19%| O|  |TAMS 0x0000000086300000, 0x0000000086300000| Untracked 
|  34|0x0000000086400000, 0x0000000086449920, 0x0000000086500000| 28%| S|CS|TAMS 0x0000000086400000, 0x0000000086400000| Complete 
|  35|0x0000000086500000, 0x0000000086600000, 0x0000000086600000|100%| S|CS|TAMS 0x0000000086500000, 0x0000000086500000| Complete 
|  36|0x0000000086600000, 0x0000000086700000, 0x0000000086700000|100%| S|CS|TAMS 0x0000000086600000, 0x0000000086600000| Complete 
|  37|0x0000000086700000, 0x0000000086800000, 0x0000000086800000|100%| S|CS|TAMS 0x0000000086700000, 0x0000000086700000| Complete 
|  38|0x0000000086800000, 0x0000000086800000, 0x0000000086900000|  0%| F|  |TAMS 0x0000000086800000, 0x0000000086800000| Untracked 
|  39|0x0000000086900000, 0x0000000086900000, 0x0000000086a00000|  0%| F|  |TAMS 0x0000000086900000, 0x0000000086900000| Untracked 
|  40|0x0000000086a00000, 0x0000000086a00000, 0x0000000086b00000|  0%| F|  |TAMS 0x0000000086a00000, 0x0000000086a00000| Untracked 
|  41|0x0000000086b00000, 0x0000000086b00000, 0x0000000086c00000|  0%| F|  |TAMS 0x0000000086b00000, 0x0000000086b00000| Untracked 
|  42|0x0000000086c00000, 0x0000000086c00000, 0x0000000086d00000|  0%| F|  |TAMS 0x0000000086c00000, 0x0000000086c00000| Untracked 
|  43|0x0000000086d00000, 0x0000000086d00000, 0x0000000086e00000|  0%| F|  |TAMS 0x0000000086d00000, 0x0000000086d00000| Untracked 
|  44|0x0000000086e00000, 0x0000000086e76e50, 0x0000000086f00000| 46%| E|  |TAMS 0x0000000086e00000, 0x0000000086e00000| Complete 
|  45|0x0000000086f00000, 0x0000000087000000, 0x0000000087000000|100%| E|CS|TAMS 0x0000000086f00000, 0x0000000086f00000| Complete 
|  46|0x0000000087000000, 0x0000000087100000, 0x0000000087100000|100%| E|CS|TAMS 0x0000000087000000, 0x0000000087000000| Complete 
|  47|0x0000000087100000, 0x0000000087200000, 0x0000000087200000|100%| E|CS|TAMS 0x0000000087100000, 0x0000000087100000| Complete 
|  48|0x0000000087200000, 0x0000000087300000, 0x0000000087300000|100%| E|CS|TAMS 0x0000000087200000, 0x0000000087200000| Complete 
|  49|0x0000000087300000, 0x0000000087400000, 0x0000000087400000|100%| E|CS|TAMS 0x0000000087300000, 0x0000000087300000| Complete 
|  50|0x0000000087400000, 0x0000000087500000, 0x0000000087500000|100%| E|CS|TAMS 0x0000000087400000, 0x0000000087400000| Complete 
|  51|0x0000000087500000, 0x0000000087600000, 0x0000000087600000|100%| E|CS|TAMS 0x0000000087500000, 0x0000000087500000| Complete 
|  52|0x0000000087600000, 0x0000000087700000, 0x0000000087700000|100%| E|CS|TAMS 0x0000000087600000, 0x0000000087600000| Complete 
|  53|0x0000000087700000, 0x0000000087800000, 0x0000000087800000|100%| E|CS|TAMS 0x0000000087700000, 0x0000000087700000| Complete 
|  54|0x0000000087800000, 0x0000000087900000, 0x0000000087900000|100%| E|CS|TAMS 0x0000000087800000, 0x0000000087800000| Complete 
|  55|0x0000000087900000, 0x0000000087a00000, 0x0000000087a00000|100%| E|CS|TAMS 0x0000000087900000, 0x0000000087900000| Complete 
|  56|0x0000000087a00000, 0x0000000087b00000, 0x0000000087b00000|100%| E|CS|TAMS 0x0000000087a00000, 0x0000000087a00000| Complete 
|  57|0x0000000087b00000, 0x0000000087c00000, 0x0000000087c00000|100%| E|CS|TAMS 0x0000000087b00000, 0x0000000087b00000| Complete 
|  58|0x0000000087c00000, 0x0000000087d00000, 0x0000000087d00000|100%| E|CS|TAMS 0x0000000087c00000, 0x0000000087c00000| Complete 
|  59|0x0000000087d00000, 0x0000000087e00000, 0x0000000087e00000|100%| E|CS|TAMS 0x0000000087d00000, 0x0000000087d00000| Complete 
|  60|0x0000000087e00000, 0x0000000087f00000, 0x0000000087f00000|100%| E|CS|TAMS 0x0000000087e00000, 0x0000000087e00000| Complete 
|  61|0x0000000087f00000, 0x0000000088000000, 0x0000000088000000|100%| E|CS|TAMS 0x0000000087f00000, 0x0000000087f00000| Complete 
|  62|0x0000000088000000, 0x0000000088100000, 0x0000000088100000|100%| E|CS|TAMS 0x0000000088000000, 0x0000000088000000| Complete 
|  63|0x0000000088100000, 0x0000000088200000, 0x0000000088200000|100%| E|CS|TAMS 0x0000000088100000, 0x0000000088100000| Complete 
|  64|0x0000000088200000, 0x0000000088300000, 0x0000000088300000|100%| E|CS|TAMS 0x0000000088200000, 0x0000000088200000| Complete 
|  65|0x0000000088300000, 0x0000000088400000, 0x0000000088400000|100%| E|CS|TAMS 0x0000000088300000, 0x0000000088300000| Complete 
|  66|0x0000000088400000, 0x0000000088500000, 0x0000000088500000|100%| E|CS|TAMS 0x0000000088400000, 0x0000000088400000| Complete 
|  67|0x0000000088500000, 0x0000000088600000, 0x0000000088600000|100%| E|CS|TAMS 0x0000000088500000, 0x0000000088500000| Complete 
|  68|0x0000000088600000, 0x0000000088700000, 0x0000000088700000|100%| E|CS|TAMS 0x0000000088600000, 0x0000000088600000| Complete 
|  69|0x0000000088700000, 0x0000000088800000, 0x0000000088800000|100%| E|CS|TAMS 0x0000000088700000, 0x0000000088700000| Complete 

Card table byte_map: [0x000002c7fe0e0000,0x000002c7fe4c0000] _byte_map_base: 0x000002c7fdcbf000

Marking Bits (Prev, Next): (CMBitMap*) 0x000002c7fbbedef0, (CMBitMap*) 0x000002c7fbbedf30
 Prev Bits: [0x000002c78a870000, 0x000002c78c768000)
 Next Bits: [0x000002c78c770000, 0x000002c78e668000)

Polling page: 0x000002c7fbc50000

Metaspace:

Usage:
  Non-class:     49.63 MB used.
      Class:      7.69 MB used.
       Both:     57.32 MB used.

Virtual space:
  Non-class space:       64.00 MB reserved,      49.88 MB ( 78%) committed,  1 nodes.
      Class space:        1.00 GB reserved,       7.88 MB ( <1%) committed,  1 nodes.
             Both:        1.06 GB reserved,      57.75 MB (  5%) committed. 

Chunk freelists:
   Non-Class:  1.97 MB
       Class:  96.00 KB
        Both:  2.06 MB

MaxMetaspaceSize: unlimited
CompressedClassSpaceSize: 1.00 GB
Initial GC threshold: 21.00 MB
Current GC threshold: 95.94 MB
CDS: on
MetaspaceReclaimPolicy: balanced
 - commit_granule_bytes: 65536.
 - commit_granule_words: 8192.
 - virtual_space_node_default_size: 8388608.
 - enlarge_chunks_in_place: 1.
 - new_chunks_are_fully_committed: 0.
 - uncommit_free_chunks: 1.
 - use_allocation_guard: 0.


Internal statistics:

num_allocs_failed_limit: 6.
num_arena_births: 858.
num_arena_deaths: 304.
num_vsnodes_births: 2.
num_vsnodes_deaths: 0.
num_space_committed: 924.
num_space_uncommitted: 0.
num_chunks_returned_to_freelist: 333.
num_chunks_taken_from_freelist: 2883.
num_chunk_merges: 97.
num_chunk_splits: 2056.
num_chunks_enlarged: 1687.
num_inconsistent_stats: 0.

CodeCache: size=49152Kb used=13328Kb max_used=14076Kb free=35823Kb
 bounds [0x000002c787870000, 0x000002c788630000, 0x000002c78a870000]
 total_blobs=7342 nmethods=6708 adapters=561
 compilation: enabled
              stopped_count=0, restarted_count=0
 full_count=0

Compilation events (20 events):
Event: 370.283 Thread 0x000002c7ff33ec30 6699       1       org.apache.tomcat.util.net.AbstractEndpoint::isSSLEnabled (5 bytes)
Event: 370.283 Thread 0x000002c7ff33ec30 nmethod 6699 0x000002c788430010 code [0x000002c7884301a0, 0x000002c788430278]
Event: 370.284 Thread 0x000002c7ff33ec30 6700   !   1       org.apache.tomcat.util.buf.StringCache::toString (606 bytes)
Event: 370.290 Thread 0x000002c7ff33ec30 nmethod 6700 0x000002c78842ba10 code [0x000002c78842bf00, 0x000002c78842df18]
Event: 374.539 Thread 0x000002c7ff33ec30 6701       1       org.apache.tomcat.util.net.NioEndpoint$NioSocketWrapper::getSendfileData (5 bytes)
Event: 374.539 Thread 0x000002c7ff33ec30 nmethod 6701 0x000002c78842b710 code [0x000002c78842b8a0, 0x000002c78842b978]
Event: 378.917 Thread 0x000002c7ff33ec30 6702   !   1       org.apache.catalina.core.ContainerBase::getClusterInternal (38 bytes)
Event: 378.918 Thread 0x000002c7ff33ec30 nmethod 6702 0x000002c78842af10 code [0x000002c78842b100, 0x000002c78842b418]
Event: 379.010 Thread 0x000002c7ff33ec30 6703       1       com.zaxxer.hikari.pool.PoolEntry::getState (8 bytes)
Event: 379.010 Thread 0x000002c7ff33ec30 nmethod 6703 0x000002c78842ab90 code [0x000002c78842ad20, 0x000002c78842ae68]
Event: 379.010 Thread 0x000002c7ff33ec30 6704       1       java.util.concurrent.atomic.AtomicIntegerFieldUpdater$AtomicIntegerFieldUpdaterImpl::get (17 bytes)
Event: 379.011 Thread 0x000002c7ff33ec30 nmethod 6704 0x000002c78842a810 code [0x000002c78842a9a0, 0x000002c78842aac8]
Event: 379.722 Thread 0x000002c7ff33ec30 6705       1       org.hibernate.internal.SessionFactoryImpl::isClosed (16 bytes)
Event: 379.722 Thread 0x000002c7ff33ec30 nmethod 6705 0x000002c78842a510 code [0x000002c78842a6a0, 0x000002c78842a798]
Event: 379.722 Thread 0x000002c7ff33ec30 6706       1       org.hibernate.internal.AbstractSharedSessionContract::isClosed (23 bytes)
Event: 379.722 Thread 0x000002c7ff33ec30 nmethod 6706 0x000002c78842a190 code [0x000002c78842a320, 0x000002c78842a438]
Event: 379.723 Thread 0x000002c7ff33ec30 6707       1       org.hibernate.type.AbstractStandardBasicType::isCollectionType (2 bytes)
Event: 379.723 Thread 0x000002c7ff33ec30 nmethod 6707 0x000002c788429e90 code [0x000002c78842a020, 0x000002c78842a0f8]
Event: 380.352 Thread 0x000002c7ff33ec30 6708       1       java.lang.invoke.DirectMethodHandle$Holder::invokeVirtual (14 bytes)
Event: 380.352 Thread 0x000002c7ff33ec30 nmethod 6708 0x000002c788429a90 code [0x000002c788429c40, 0x000002c788429d78]

GC Heap History (20 events):
Event: 2.699 GC heap before
{Heap before GC invocations=10 (full 0):
 garbage-first heap   total 102400K, used 52317K [0x0000000084200000, 0x0000000100000000)
  region size 1024K, 40 young (40960K), 6 survivors (6144K)
 Metaspace       used 35596K, committed 35968K, reserved 1114112K
  class space    used 4554K, committed 4736K, reserved 1048576K
}
Event: 2.703 GC heap after
{Heap after GC invocations=11 (full 0):
 garbage-first heap   total 102400K, used 18579K [0x0000000084200000, 0x0000000100000000)
  region size 1024K, 5 young (5120K), 5 survivors (5120K)
 Metaspace       used 35596K, committed 35968K, reserved 1114112K
  class space    used 4554K, committed 4736K, reserved 1048576K
}
Event: 3.020 GC heap before
{Heap before GC invocations=12 (full 0):
 garbage-first heap   total 75776K, used 74899K [0x0000000084200000, 0x0000000100000000)
  region size 1024K, 60 young (61440K), 5 survivors (5120K)
 Metaspace       used 41104K, committed 41536K, reserved 1114112K
  class space    used 5515K, committed 5696K, reserved 1048576K
}
Event: 3.024 GC heap after
{Heap after GC invocations=13 (full 0):
 garbage-first heap   total 80896K, used 19321K [0x0000000084200000, 0x0000000100000000)
  region size 1024K, 5 young (5120K), 5 survivors (5120K)
 Metaspace       used 41104K, committed 41536K, reserved 1114112K
  class space    used 5515K, committed 5696K, reserved 1048576K
}
Event: 3.229 GC heap before
{Heap before GC invocations=13 (full 0):
 garbage-first heap   total 80896K, used 61305K [0x0000000084200000, 0x0000000100000000)
  region size 1024K, 47 young (48128K), 5 survivors (5120K)
 Metaspace       used 45527K, committed 45952K, reserved 1114112K
  class space    used 6125K, committed 6336K, reserved 1048576K
}
Event: 3.233 GC heap after
{Heap after GC invocations=14 (full 0):
 garbage-first heap   total 80896K, used 20223K [0x0000000084200000, 0x0000000100000000)
  region size 1024K, 3 young (3072K), 3 survivors (3072K)
 Metaspace       used 45527K, committed 45952K, reserved 1114112K
  class space    used 6125K, committed 6336K, reserved 1048576K
}
Event: 3.518 GC heap before
{Heap before GC invocations=14 (full 0):
 garbage-first heap   total 80896K, used 65279K [0x0000000084200000, 0x0000000100000000)
  region size 1024K, 47 young (48128K), 3 survivors (3072K)
 Metaspace       used 49721K, committed 50176K, reserved 1114112K
  class space    used 6740K, committed 6912K, reserved 1048576K
}
Event: 3.521 GC heap after
{Heap after GC invocations=15 (full 0):
 garbage-first heap   total 97280K, used 21268K [0x0000000084200000, 0x0000000100000000)
  region size 1024K, 4 young (4096K), 4 survivors (4096K)
 Metaspace       used 49721K, committed 50176K, reserved 1114112K
  class space    used 6740K, committed 6912K, reserved 1048576K
}
Event: 3.927 GC heap before
{Heap before GC invocations=15 (full 0):
 garbage-first heap   total 97280K, used 75540K [0x0000000084200000, 0x0000000100000000)
  region size 1024K, 57 young (58368K), 4 survivors (4096K)
 Metaspace       used 53408K, committed 53952K, reserved 1114112K
  class space    used 7296K, committed 7552K, reserved 1048576K
}
Event: 3.934 GC heap after
{Heap after GC invocations=16 (full 0):
 garbage-first heap   total 97280K, used 24640K [0x0000000084200000, 0x0000000100000000)
  region size 1024K, 8 young (8192K), 8 survivors (8192K)
 Metaspace       used 53408K, committed 53952K, reserved 1114112K
  class space    used 7296K, committed 7552K, reserved 1048576K
}
Event: 89.567 GC heap before
{Heap before GC invocations=16 (full 0):
 garbage-first heap   total 97280K, used 73792K [0x0000000084200000, 0x0000000100000000)
  region size 1024K, 57 young (58368K), 8 survivors (8192K)
 Metaspace       used 58211K, committed 58752K, reserved 1114112K
  class space    used 7820K, committed 8064K, reserved 1048576K
}
Event: 89.576 GC heap after
{Heap after GC invocations=17 (full 0):
 garbage-first heap   total 97280K, used 27008K [0x0000000084200000, 0x0000000100000000)
  region size 1024K, 6 young (6144K), 6 survivors (6144K)
 Metaspace       used 58211K, committed 58752K, reserved 1114112K
  class space    used 7820K, committed 8064K, reserved 1048576K
}
Event: 343.167 GC heap before
{Heap before GC invocations=17 (full 0):
 garbage-first heap   total 97280K, used 36224K [0x0000000084200000, 0x0000000100000000)
  region size 1024K, 16 young (16384K), 6 survivors (6144K)
 Metaspace       used 58502K, committed 58944K, reserved 1114112K
  class space    used 7872K, committed 8064K, reserved 1048576K
}
Event: 343.200 GC heap after
{Heap after GC invocations=18 (full 1):
 garbage-first heap   total 71680K, used 18713K [0x0000000084200000, 0x0000000100000000)
  region size 1024K, 0 young (0K), 0 survivors (0K)
 Metaspace       used 58247K, committed 58944K, reserved 1114112K
  class space    used 7812K, committed 8064K, reserved 1048576K
}
Event: 344.282 GC heap before
{Heap before GC invocations=18 (full 1):
 garbage-first heap   total 71680K, used 54553K [0x0000000084200000, 0x0000000100000000)
  region size 1024K, 36 young (36864K), 0 survivors (0K)
 Metaspace       used 58376K, committed 58944K, reserved 1114112K
  class space    used 7843K, committed 8064K, reserved 1048576K
}
Event: 344.286 GC heap after
{Heap after GC invocations=19 (full 1):
 garbage-first heap   total 71680K, used 23083K [0x0000000084200000, 0x0000000100000000)
  region size 1024K, 5 young (5120K), 5 survivors (5120K)
 Metaspace       used 58376K, committed 58944K, reserved 1114112K
  class space    used 7843K, committed 8064K, reserved 1048576K
}
Event: 348.446 GC heap before
{Heap before GC invocations=19 (full 1):
 garbage-first heap   total 71680K, used 44587K [0x0000000084200000, 0x0000000100000000)
  region size 1024K, 27 young (27648K), 5 survivors (5120K)
 Metaspace       used 58592K, committed 59072K, reserved 1114112K
  class space    used 7873K, committed 8064K, reserved 1048576K
}
Event: 348.478 GC heap after
{Heap after GC invocations=20 (full 2):
 garbage-first heap   total 71680K, used 21075K [0x0000000084200000, 0x0000000100000000)
  region size 1024K, 0 young (0K), 0 survivors (0K)
 Metaspace       used 58530K, committed 59072K, reserved 1114112K
  class space    used 7859K, committed 8064K, reserved 1048576K
}
Event: 348.900 GC heap before
{Heap before GC invocations=20 (full 2):
 garbage-first heap   total 71680K, used 52819K [0x0000000084200000, 0x0000000100000000)
  region size 1024K, 32 young (32768K), 0 survivors (0K)
 Metaspace       used 58550K, committed 59072K, reserved 1114112K
  class space    used 7863K, committed 8064K, reserved 1048576K
}
Event: 348.903 GC heap after
{Heap after GC invocations=21 (full 2):
 garbage-first heap   total 71680K, used 24441K [0x0000000084200000, 0x0000000100000000)
  region size 1024K, 4 young (4096K), 4 survivors (4096K)
 Metaspace       used 58550K, committed 59072K, reserved 1114112K
  class space    used 7863K, committed 8064K, reserved 1048576K
}

Deoptimization events (20 events):
Event: 356.977 Thread 0x000002c7972fa010 DEOPT PACKING pc=0x000002c787f5cb2c sp=0x000000e60defc410
Event: 356.977 Thread 0x000002c7972fa010 DEOPT UNPACKING pc=0x000002c7878c2b43 sp=0x000000e60defb948 mode 1
Event: 356.977 Thread 0x000002c7972fa010 DEOPT PACKING pc=0x000002c787f5e024 sp=0x000000e60defc500
Event: 356.977 Thread 0x000002c7972fa010 DEOPT UNPACKING pc=0x000002c7878c2b43 sp=0x000000e60defbaa8 mode 1
Event: 356.977 Thread 0x000002c7972fa010 DEOPT PACKING pc=0x000002c787f5fb7c sp=0x000000e60defc660
Event: 356.977 Thread 0x000002c7972fa010 DEOPT UNPACKING pc=0x000002c7878c2b43 sp=0x000000e60defbc10 mode 1
Event: 374.539 Thread 0x000002c7972ffb80 DEOPT PACKING pc=0x000002c788477264 sp=0x000000e60e2fea00
Event: 374.539 Thread 0x000002c7972fd500 DEOPT PACKING pc=0x000002c788477264 sp=0x000000e60dffeb20
Event: 374.539 Thread 0x000002c7972ffb80 DEOPT UNPACKING pc=0x000002c7878c2b43 sp=0x000000e60e2fe058 mode 1
Event: 374.539 Thread 0x000002c7972fd500 DEOPT UNPACKING pc=0x000002c7878c2b43 sp=0x000000e60dffe178 mode 1
Event: 374.539 Thread 0x000002c7972ff6b0 DEOPT PACKING pc=0x000002c788477264 sp=0x000000e60ddfefb0
Event: 374.539 Thread 0x000002c7972ff6b0 DEOPT UNPACKING pc=0x000002c7878c2b43 sp=0x000000e60ddfe608 mode 1
Event: 374.539 Thread 0x000002c7972f8cd0 DEOPT PACKING pc=0x000002c788477264 sp=0x000000e60e4fee50
Event: 374.539 Thread 0x000002c7972f8cd0 DEOPT UNPACKING pc=0x000002c7878c2b43 sp=0x000000e60e4fe4a8 mode 1
Event: 374.539 Thread 0x000002c7972fc1c0 DEOPT PACKING pc=0x000002c788477264 sp=0x000000e60e6feab0
Event: 374.539 Thread 0x000002c7972fc1c0 DEOPT UNPACKING pc=0x000002c7878c2b43 sp=0x000000e60e6fe108 mode 1
Event: 374.539 Thread 0x000002c7972fae80 DEOPT PACKING pc=0x000002c788477264 sp=0x000000e60e5fedc0
Event: 374.539 Thread 0x000002c7972fae80 DEOPT UNPACKING pc=0x000002c7878c2b43 sp=0x000000e60e5fe418 mode 1
Event: 418.421 Thread 0x000002c7972fa010 DEOPT PACKING pc=0x000002c788429ca4 sp=0x000000e60defd8c0
Event: 418.421 Thread 0x000002c7972fa010 DEOPT UNPACKING pc=0x000002c7878c2b43 sp=0x000000e60defcd68 mode 0

Classes loaded (20 events):
Event: 342.955 Loading class java/util/AbstractMap$2
Event: 342.955 Loading class java/util/AbstractMap$2 done
Event: 342.956 Loading class java/util/AbstractMap$2$1
Event: 342.956 Loading class java/util/AbstractMap$2$1 done
Event: 343.201 Loading class java/lang/ref/Finalizer$2
Event: 343.209 Loading class java/lang/ref/Finalizer$2 done
Event: 343.211 Loading class java/lang/ref/Finalizer$1
Event: 343.212 Loading class java/lang/ref/Finalizer$1 done
Event: 344.536 Loading class java/lang/ObjectCustomizer
Event: 344.536 Loading class java/lang/ObjectCustomizer done
Event: 344.536 Loading class java/lang/ObjectCustomizer
Event: 344.536 Loading class java/lang/ObjectCustomizer done
Event: 344.576 Loading class java/time/DurationEditor
Event: 344.576 Loading class java/time/DurationEditor done
Event: 349.293 Loading class java/lang/ObjectCustomizer
Event: 349.293 Loading class java/lang/ObjectCustomizer done
Event: 349.293 Loading class java/lang/ObjectCustomizer
Event: 349.293 Loading class java/lang/ObjectCustomizer done
Event: 365.419 Loading class java/util/concurrent/locks/ReentrantReadWriteLock$Sync$HoldCounter
Event: 365.420 Loading class java/util/concurrent/locks/ReentrantReadWriteLock$Sync$HoldCounter done

Classes unloaded (20 events):
Event: 348.458 Thread 0x000002c7ff31c620 Unloading class 0x00000008012ec400 'java/lang/invoke/LambdaForm$MH+0x00000008012ec400'
Event: 348.458 Thread 0x000002c7ff31c620 Unloading class 0x00000008012e1000 'java/lang/invoke/LambdaForm$MH+0x00000008012e1000'
Event: 348.458 Thread 0x000002c7ff31c620 Unloading class 0x0000000801205000 'java/lang/invoke/LambdaForm$MH+0x0000000801205000'
Event: 348.458 Thread 0x000002c7ff31c620 Unloading class 0x0000000801204400 'java/lang/invoke/LambdaForm$MH+0x0000000801204400'
Event: 348.458 Thread 0x000002c7ff31c620 Unloading class 0x000000080106dc00 'java/lang/invoke/LambdaForm$MH+0x000000080106dc00'
Event: 348.458 Thread 0x000002c7ff31c620 Unloading class 0x000000080106d800 'java/lang/invoke/LambdaForm$MH+0x000000080106d800'
Event: 348.458 Thread 0x000002c7ff31c620 Unloading class 0x000000080105cc00 'java/lang/invoke/LambdaForm$MH+0x000000080105cc00'
Event: 348.458 Thread 0x000002c7ff31c620 Unloading class 0x0000000800fc4800 'java/lang/invoke/LambdaForm$MH+0x0000000800fc4800'
Event: 348.458 Thread 0x000002c7ff31c620 Unloading class 0x0000000800fa9c00 'java/lang/invoke/LambdaForm$MH+0x0000000800fa9c00'
Event: 348.458 Thread 0x000002c7ff31c620 Unloading class 0x0000000800fa9000 'java/lang/invoke/LambdaForm$MH+0x0000000800fa9000'
Event: 348.458 Thread 0x000002c7ff31c620 Unloading class 0x0000000800f8cc00 'java/lang/invoke/LambdaForm$MH+0x0000000800f8cc00'
Event: 348.458 Thread 0x000002c7ff31c620 Unloading class 0x0000000800f80400 'java/lang/invoke/LambdaForm$MH+0x0000000800f80400'
Event: 348.458 Thread 0x000002c7ff31c620 Unloading class 0x0000000800f34400 'java/lang/invoke/LambdaForm$MH+0x0000000800f34400'
Event: 348.458 Thread 0x000002c7ff31c620 Unloading class 0x0000000800e0c400 'java/lang/invoke/LambdaForm$MH+0x0000000800e0c400'
Event: 348.458 Thread 0x000002c7ff31c620 Unloading class 0x0000000800dabc00 'jdk/internal/reflect/GeneratedSerializationConstructorAccessor9'
Event: 348.458 Thread 0x000002c7ff31c620 Unloading class 0x0000000800d9d400 'jdk/internal/reflect/GeneratedSerializationConstructorAccessor7'
Event: 348.458 Thread 0x000002c7ff31c620 Unloading class 0x0000000800d9d000 'jdk/internal/reflect/GeneratedSerializationConstructorAccessor6'
Event: 348.458 Thread 0x000002c7ff31c620 Unloading class 0x0000000800d9cc00 'jdk/internal/reflect/GeneratedSerializationConstructorAccessor5'
Event: 348.458 Thread 0x000002c7ff31c620 Unloading class 0x0000000800d3d000 'java/lang/invoke/LambdaForm$MH+0x0000000800d3d000'
Event: 348.458 Thread 0x000002c7ff31c620 Unloading class 0x0000000800c00400 'java/lang/invoke/LambdaForm$MH+0x0000000800c00400'

Classes redefined (6 events):
Event: 341.792 Thread 0x000002c7ff31c620 redefined class name=com.restapicliente.Controllers.ClientController, count=1
Event: 347.080 Thread 0x000002c7ff31c620 redefined class name=com.restapicliente.Controllers.ClientController, count=1
Event: 347.080 Thread 0x000002c7ff31c620 redefined class name=com.restapicliente.Controllers.ClientController, count=2
Event: 418.438 Thread 0x000002c7ff31c620 redefined class name=com.restapicliente.Controllers.ClientController, count=2
Event: 418.438 Thread 0x000002c7ff31c620 redefined class name=com.restapicliente.Controllers.ClientController, count=3
Event: 418.438 Thread 0x000002c7ff31c620 redefined class name=com.restapicliente.Controllers.ClientController, count=1

Internal exceptions (20 events):
Event: 344.266 Thread 0x000002c7972f9670 Exception <a 'java/io/FileNotFoundException'{0x00000000864aa330}> (0x00000000864aa330) 
thrown [s\open\src\hotspot\share\prims\jni.cpp, line 516]
Event: 344.313 Thread 0x000002c7972f9670 Exception <a 'java/lang/NoSuchMethodError'{0x0000000088621038}: 'long java.lang.invoke.DelegatingMethodHandle$Holder.reinvoke_L(java.lang.Object, java.lang.Object)'> (0x0000000088621038) 
thrown [s\open\src\hotspot\share\interpreter\linkResolver.cpp, line 766]
Event: 344.313 Thread 0x000002c7972f9670 Exception <a 'java/lang/NoSuchMethodError'{0x0000000088627f08}: 'void java.lang.invoke.DelegatingMethodHandle$Holder.reinvoke_L(java.lang.Object, java.lang.Object, long)'> (0x0000000088627f08) 
thrown [s\open\src\hotspot\share\interpreter\linkResolver.cpp, line 766]
Event: 344.536 Thread 0x000002c7972f9670 Exception <a 'java/lang/ClassNotFoundException'{0x0000000088202860}: java/lang/ObjectCustomizer> (0x0000000088202860) 
thrown [s\open\src\hotspot\share\classfile\systemDictionary.cpp, line 255]
Event: 344.538 Thread 0x000002c7972f9670 Exception <a 'java/lang/ClassNotFoundException'{0x000000008820c988}: com/restapicliente/Entity/ClientCustomizer> (0x000000008820c988) 
thrown [s\open\src\hotspot\share\classfile\systemDictionary.cpp, line 255]
Event: 348.227 Thread 0x000002c7972fa9b0 Exception <a 'java/lang/InterruptedException'{0x000000008725cdf8}: sleep interrupted> (0x000000008725cdf8) 
thrown [s\open\src\hotspot\share\prims\jvm.cpp, line 3083]
Event: 348.502 Thread 0x000002c7972fdea0 Exception <a 'sun/nio/fs/WindowsException'{0x000000008879eeb0}> (0x000000008879eeb0) 
thrown [s\open\src\hotspot\share\prims\jni.cpp, line 516]
Event: 348.809 Thread 0x000002c7972fdea0 Exception <a 'java/lang/NoClassDefFoundError'{0x000000008734a4f8}: org/flywaydb/core/Flyway> (0x000000008734a4f8) 
thrown [s\open\src\hotspot\share\oops\constantPool.cpp, line 836]
Event: 348.810 Thread 0x000002c7972fdea0 Exception <a 'java/lang/NoClassDefFoundError'{0x000000008734ab48}: liquibase/integration/spring/SpringLiquibase> (0x000000008734ab48) 
thrown [s\open\src\hotspot\share\oops\constantPool.cpp, line 836]
Event: 348.814 Thread 0x000002c7972fdea0 Exception <a 'java/lang/NoClassDefFoundError'{0x000000008739c590}: org/jooq/DSLContext> (0x000000008739c590) 
thrown [s\open\src\hotspot\share\oops\constantPool.cpp, line 836]
Event: 348.815 Thread 0x000002c7972fdea0 Exception <a 'java/lang/NoClassDefFoundError'{0x00000000873a6710}: org/springframework/batch/core/repository/JobRepository> (0x00000000873a6710) 
thrown [s\open\src\hotspot\share\oops\constantPool.cpp, line 836]
Event: 348.815 Thread 0x000002c7972fdea0 Exception <a 'java/lang/NoClassDefFoundError'{0x00000000873a6d58}: org/quartz/Scheduler> (0x00000000873a6d58) 
thrown [s\open\src\hotspot\share\oops\constantPool.cpp, line 836]
Event: 348.816 Thread 0x000002c7972fdea0 Exception <a 'java/lang/NoClassDefFoundError'{0x00000000873a73c8}: org/springframework/session/jdbc/JdbcIndexedSessionRepository> (0x00000000873a73c8) 
thrown [s\open\src\hotspot\share\oops\constantPool.cpp, line 836]
Event: 348.855 Thread 0x000002c7972fdea0 Exception <a 'sun/nio/fs/WindowsException'{0x0000000086db70e8}> (0x0000000086db70e8) 
thrown [s\open\src\hotspot\share\prims\jni.cpp, line 516]
Event: 348.855 Thread 0x000002c7972fdea0 Exception <a 'sun/nio/fs/WindowsException'{0x0000000086db76f0}> (0x0000000086db76f0) 
thrown [s\open\src\hotspot\share\prims\jni.cpp, line 516]
Event: 348.856 Thread 0x000002c7972fdea0 Exception <a 'sun/nio/fs/WindowsException'{0x0000000086db7dc8}> (0x0000000086db7dc8) 
thrown [s\open\src\hotspot\share\prims\jni.cpp, line 516]
Event: 348.871 Thread 0x000002c7972fdea0 Exception <a 'java/io/FileNotFoundException'{0x0000000086deca10}> (0x0000000086deca10) 
thrown [s\open\src\hotspot\share\prims\jni.cpp, line 516]
Event: 348.897 Thread 0x000002c7972fdea0 Exception <a 'java/io/FileNotFoundException'{0x00000000868c7550}> (0x00000000868c7550) 
thrown [s\open\src\hotspot\share\prims\jni.cpp, line 516]
Event: 349.294 Thread 0x000002c7972fdea0 Exception <a 'java/lang/ClassNotFoundException'{0x0000000088228078}: java/lang/ObjectCustomizer> (0x0000000088228078) 
thrown [s\open\src\hotspot\share\classfile\systemDictionary.cpp, line 255]
Event: 349.294 Thread 0x000002c7972fdea0 Exception <a 'java/lang/ClassNotFoundException'{0x00000000882321a0}: com/restapicliente/Entity/ClientCustomizer> (0x00000000882321a0) 
thrown [s\open\src\hotspot\share\classfile\systemDictionary.cpp, line 255]

VM Operations (20 events):
Event: 406.813 Executing VM operation: get/set locals
Event: 406.813 Executing VM operation: get/set locals done
Event: 406.813 Executing VM operation: get/set locals
Event: 406.814 Executing VM operation: get/set locals done
Event: 414.216 Executing VM operation: get/set locals
Event: 414.216 Executing VM operation: get/set locals done
Event: 418.421 Executing VM operation: ChangeSingleStep
Event: 418.421 Executing VM operation: ChangeSingleStep done
Event: 418.421 Executing VM operation: ChangeSingleStep
Event: 418.422 Executing VM operation: ChangeSingleStep done
Event: 418.432 Executing VM operation: RedefineClasses
Event: 418.453 Executing VM operation: RedefineClasses done
Event: 418.466 Executing VM operation: ChangeBreakpoints
Event: 418.468 Executing VM operation: ChangeBreakpoints done
Event: 418.470 Executing VM operation: ChangeBreakpoints
Event: 418.472 Executing VM operation: ChangeBreakpoints done
Event: 418.474 Executing VM operation: ChangeBreakpoints
Event: 418.476 Executing VM operation: ChangeBreakpoints done
Event: 418.478 Executing VM operation: ChangeSingleStep
Event: 418.478 Executing VM operation: ChangeSingleStep done

Events (20 events):
Event: 349.445 Thread 0x000002c7972fc690 Thread added: 0x000002c7972fc690
Event: 349.454 Thread 0x000002c797300050 Thread added: 0x000002c797300050
Event: 349.454 Thread 0x000002c7972ff6b0 Thread added: 0x000002c7972ff6b0
Event: 349.454 Thread 0x000002c7972fa010 Thread added: 0x000002c7972fa010
Event: 349.455 Thread 0x000002c7972fd500 Thread added: 0x000002c7972fd500
Event: 349.455 Thread 0x000002c7972fa9b0 Thread added: 0x000002c7972fa9b0
Event: 349.455 Thread 0x000002c7972ffb80 Thread added: 0x000002c7972ffb80
Event: 349.455 Thread 0x000002c7972f9670 Thread added: 0x000002c7972f9670
Event: 349.455 Thread 0x000002c7972f8cd0 Thread added: 0x000002c7972f8cd0
Event: 349.455 Thread 0x000002c7972fae80 Thread added: 0x000002c7972fae80
Event: 349.455 Thread 0x000002c7972fc1c0 Thread added: 0x000002c7972fc1c0
Event: 349.456 Thread 0x000002c7972fd030 Thread added: 0x000002c7972fd030
Event: 349.456 Thread 0x000002c795a6d980 Thread added: 0x000002c795a6d980
Event: 349.465 Thread 0x000002c7972ff1e0 Thread exited: 0x000002c7972ff1e0
Event: 349.465 Thread 0x000002c7972fdea0 Thread exited: 0x000002c7972fdea0
Event: 353.620 Thread 0x000002c79490ac70 Thread exited: 0x000002c79490ac70
Event: 354.013 Thread 0x000002c7972f91a0 Thread exited: 0x000002c7972f91a0
Event: 361.984 Thread 0x000002c795a39820 Thread exited: 0x000002c795a39820
Event: 365.420 Thread 0x000002c795a39820 Thread added: 0x000002c795a39820
Event: 368.912 Thread 0x000002c795a39820 Thread exited: 0x000002c795a39820


Dynamic libraries:
0x00007ff706250000 - 0x00007ff706260000 	C:\Program Files\Java\jdk-18.0.1.1\bin\javaw.exe
0x00007ffd4d700000 - 0x00007ffd4d909000 	C:\WINDOWS\SYSTEM32\ntdll.dll
0x00007ffd4c150000 - 0x00007ffd4c20d000 	C:\WINDOWS\System32\KERNEL32.DLL
0x00007ffd4b040000 - 0x00007ffd4b3b9000 	C:\WINDOWS\System32\KERNELBASE.dll
0x00007ffd4ad00000 - 0x00007ffd4ae11000 	C:\WINDOWS\System32\ucrtbase.dll
0x00007ffcdf950000 - 0x00007ffcdf968000 	C:\Program Files\Java\jdk-18.0.1.1\bin\jli.dll
0x00007ffd00040000 - 0x00007ffd0005a000 	C:\Program Files\Java\jdk-18.0.1.1\bin\VCRUNTIME140.dll
0x00007ffd4bb00000 - 0x00007ffd4bbae000 	C:\WINDOWS\System32\ADVAPI32.dll
0x00007ffd4d610000 - 0x00007ffd4d6b3000 	C:\WINDOWS\System32\msvcrt.dll
0x00007ffd4bca0000 - 0x00007ffd4bd3e000 	C:\WINDOWS\System32\sechost.dll
0x00007ffd4b720000 - 0x00007ffd4b840000 	C:\WINDOWS\System32\RPCRT4.dll
0x00007ffd4b930000 - 0x00007ffd4badc000 	C:\WINDOWS\System32\USER32.dll
0x00007ffd4ae20000 - 0x00007ffd4ae46000 	C:\WINDOWS\System32\win32u.dll
0x00007ffd1a370000 - 0x00007ffd1a615000 	C:\WINDOWS\WinSxS\amd64_microsoft.windows.common-controls_6595b64144ccf1df_6.0.22000.120_none_9d947278b86cc467\COMCTL32.dll
0x00007ffd4d5e0000 - 0x00007ffd4d609000 	C:\WINDOWS\System32\GDI32.dll
0x00007ffd4b480000 - 0x00007ffd4b592000 	C:\WINDOWS\System32\gdi32full.dll
0x00007ffd4ac60000 - 0x00007ffd4acfd000 	C:\WINDOWS\System32\msvcp_win.dll
0x00007ffd3d890000 - 0x00007ffd3d89a000 	C:\WINDOWS\SYSTEM32\VERSION.dll
0x00007ffd4d590000 - 0x00007ffd4d5c1000 	C:\WINDOWS\System32\IMM32.DLL
0x00007ffd105c0000 - 0x00007ffd105cc000 	C:\Program Files\Java\jdk-18.0.1.1\bin\vcruntime140_1.dll
0x00007ffcdf8c0000 - 0x00007ffcdf94d000 	C:\Program Files\Java\jdk-18.0.1.1\bin\msvcp140.dll
0x00007ffcdecb0000 - 0x00007ffcdf8c0000 	C:\Program Files\Java\jdk-18.0.1.1\bin\server\jvm.dll
0x00007ffd4c510000 - 0x00007ffd4c518000 	C:\WINDOWS\System32\PSAPI.DLL
0x00007ffd3ec70000 - 0x00007ffd3ec79000 	C:\WINDOWS\SYSTEM32\WSOCK32.dll
0x00007ffd3e9a0000 - 0x00007ffd3e9d3000 	C:\WINDOWS\SYSTEM32\WINMM.dll
0x00007ffd4b6b0000 - 0x00007ffd4b71f000 	C:\WINDOWS\System32\WS2_32.dll
0x00007ffd49de0000 - 0x00007ffd49df8000 	C:\WINDOWS\SYSTEM32\kernel.appcore.dll
0x00007ffd10400000 - 0x00007ffd1040a000 	C:\Program Files\Java\jdk-18.0.1.1\bin\jimage.dll
0x00007ffd485f0000 - 0x00007ffd48811000 	C:\WINDOWS\SYSTEM32\DBGHELP.DLL
0x00007ffd290a0000 - 0x00007ffd290d1000 	C:\WINDOWS\SYSTEM32\dbgcore.DLL
0x00007ffd4afc0000 - 0x00007ffd4b03f000 	C:\WINDOWS\System32\bcryptPrimitives.dll
0x00007ffd3faf0000 - 0x00007ffd3fb2b000 	C:\Program Files\Java\jdk-18.0.1.1\bin\jdwp.dll
0x00007ffd41920000 - 0x00007ffd4192e000 	C:\Program Files\Java\jdk-18.0.1.1\bin\instrument.dll
0x00007ffcdec80000 - 0x00007ffcdeca5000 	C:\Program Files\Java\jdk-18.0.1.1\bin\java.dll
0x00007ffcdeba0000 - 0x00007ffcdec76000 	C:\Program Files\Java\jdk-18.0.1.1\bin\jsvml.dll
0x00007ffd4ccc0000 - 0x00007ffd4d46f000 	C:\WINDOWS\System32\SHELL32.dll
0x00007ffd48d70000 - 0x00007ffd495d8000 	C:\WINDOWS\SYSTEM32\windows.storage.dll
0x00007ffd4bd40000 - 0x00007ffd4c0b8000 	C:\WINDOWS\System32\combase.dll
0x00007ffd48c00000 - 0x00007ffd48d66000 	C:\WINDOWS\SYSTEM32\wintypes.dll
0x00007ffd4bbb0000 - 0x00007ffd4bc9a000 	C:\WINDOWS\System32\SHCORE.dll
0x00007ffd4cb30000 - 0x00007ffd4cb8d000 	C:\WINDOWS\System32\shlwapi.dll
0x00007ffd4ab20000 - 0x00007ffd4ab41000 	C:\WINDOWS\SYSTEM32\profapi.dll
0x00007ffd41910000 - 0x00007ffd4191c000 	C:\Program Files\Java\jdk-18.0.1.1\bin\dt_socket.dll
0x00007ffd49900000 - 0x00007ffd4992d000 	C:\WINDOWS\SYSTEM32\IPHLPAPI.DLL
0x00007ffd4a210000 - 0x00007ffd4a277000 	C:\WINDOWS\system32\mswsock.dll
0x00007ffd49930000 - 0x00007ffd49a18000 	C:\WINDOWS\SYSTEM32\DNSAPI.dll
0x00007ffd4c140000 - 0x00007ffd4c149000 	C:\WINDOWS\System32\NSI.dll
0x00007ffd3c3e0000 - 0x00007ffd3c3ea000 	C:\Windows\System32\rasadhlp.dll
0x00007ffd3d260000 - 0x00007ffd3d2e1000 	C:\WINDOWS\System32\fwpuclnt.dll
0x00007ffcdeb40000 - 0x00007ffcdeb58000 	C:\Program Files\Java\jdk-18.0.1.1\bin\zip.dll
0x00007ffcdeb80000 - 0x00007ffcdeb93000 	C:\Program Files\Java\jdk-18.0.1.1\bin\net.dll
0x00007ffd417d0000 - 0x00007ffd418dc000 	C:\WINDOWS\SYSTEM32\WINHTTP.dll
0x00007ffcdeb60000 - 0x00007ffcdeb76000 	C:\Program Files\Java\jdk-18.0.1.1\bin\nio.dll
0x00007ffcdfa80000 - 0x00007ffcdfa89000 	C:\Program Files\Java\jdk-18.0.1.1\bin\management.dll
0x00007ffcdfa70000 - 0x00007ffcdfa7b000 	C:\Program Files\Java\jdk-18.0.1.1\bin\management_ext.dll
0x00007ffd10300000 - 0x00007ffd10317000 	C:\WINDOWS\system32\napinsp.dll
0x00007ffd0fa10000 - 0x00007ffd0fa2b000 	C:\WINDOWS\system32\pnrpnsp.dll
0x00007ffd0d200000 - 0x00007ffd0d212000 	C:\WINDOWS\System32\winrnr.dll
0x00007ffd3e8e0000 - 0x00007ffd3e8f5000 	C:\WINDOWS\system32\wshbth.dll
0x00007ffd103e0000 - 0x00007ffd103ff000 	C:\WINDOWS\system32\nlansp_c.dll
0x00007ffd4a460000 - 0x00007ffd4a478000 	C:\WINDOWS\SYSTEM32\CRYPTSP.dll
0x00007ffd49d40000 - 0x00007ffd49d75000 	C:\WINDOWS\system32\rsaenh.dll
0x00007ffd4a300000 - 0x00007ffd4a329000 	C:\WINDOWS\SYSTEM32\USERENV.dll
0x00007ffd4a5d0000 - 0x00007ffd4a5f7000 	C:\WINDOWS\SYSTEM32\bcrypt.dll
0x00007ffd4a450000 - 0x00007ffd4a45c000 	C:\WINDOWS\SYSTEM32\CRYPTBASE.dll
0x00007ffd3e620000 - 0x00007ffd3e639000 	C:\WINDOWS\SYSTEM32\dhcpcsvc6.DLL
0x00007ffd3e740000 - 0x00007ffd3e75e000 	C:\WINDOWS\SYSTEM32\dhcpcsvc.DLL
0x00007ffd0fc00000 - 0x00007ffd0fc10000 	C:\Program Files\Java\jdk-18.0.1.1\bin\verify.dll
0x00007ffcdfcf0000 - 0x00007ffcdfcfe000 	C:\Program Files\Java\jdk-18.0.1.1\bin\sunmscapi.dll
0x00007ffd4ae50000 - 0x00007ffd4afb2000 	C:\WINDOWS\System32\CRYPT32.dll
0x00007ffd4a5a0000 - 0x00007ffd4a5c8000 	C:\WINDOWS\SYSTEM32\ncrypt.dll
0x00007ffd4a560000 - 0x00007ffd4a597000 	C:\WINDOWS\SYSTEM32\NTASN1.dll

dbghelp: loaded successfully - version: 4.0.5 - missing functions: none
symbol engine: initialized successfully - sym options: 0x614 - pdb path: .;C:\Program Files\Java\jdk-18.0.1.1\bin;C:\WINDOWS\SYSTEM32;C:\WINDOWS\WinSxS\amd64_microsoft.windows.common-controls_6595b64144ccf1df_6.0.22000.120_none_9d947278b86cc467;C:\Program Files\Java\jdk-18.0.1.1\bin\server

VM Arguments:
jvm_args: -XX:+ShowCodeDetailsInExceptionMessages -agentlib:jdwp=transport=dt_socket,suspend=y,address=localhost:50957 -Dcom.sun.management.jmxremote -Dcom.sun.management.jmxremote.port=50956 -Dcom.sun.management.jmxremote.authenticate=false -Dcom.sun.management.jmxremote.ssl=false -Djava.rmi.server.hostname=localhost -Dspring.jmx.enabled=true -Dspring.application.admin.enabled=true -XX:TieredStopAtLevel=1 -Dspring.boot.project.name=apiRestAlianza -javaagent:C:\Users\User\eclipse\jee-2022-03\eclipse\configuration\org.eclipse.osgi\422\0\.cp\lib\javaagent-shaded.jar -Dfile.encoding=UTF-8 
java_command: com.restapicliente.ApiRestAlianzaApplication
java_class_path (initial): C:\Users\User\Documents\apiRestAlianza\target\classes;C:\Users\User\.m2\repository\org\springframework\boot\spring-boot-starter-data-jpa\2.6.8\spring-boot-starter-data-jpa-2.6.8.jar;C:\Users\User\.m2\repository\org\springframework\boot\spring-boot-starter-aop\2.6.8\spring-boot-starter-aop-2.6.8.jar;C:\Users\User\.m2\repository\org\springframework\spring-aop\5.3.20\spring-aop-5.3.20.jar;C:\Users\User\.m2\repository\org\aspectj\aspectjweaver\1.9.7\aspectjweaver-1.9.7.jar;C:\Users\User\.m2\repository\org\springframework\boot\spring-boot-starter-jdbc\2.6.8\spring-boot-starter-jdbc-2.6.8.jar;C:\Users\User\.m2\repository\com\zaxxer\HikariCP\4.0.3\HikariCP-4.0.3.jar;C:\Users\User\.m2\repository\org\springframework\spring-jdbc\5.3.20\spring-jdbc-5.3.20.jar;C:\Users\User\.m2\repository\jakarta\transaction\jakarta.transaction-api\1.3.3\jakarta.transaction-api-1.3.3.jar;C:\Users\User\.m2\repository\jakarta\persistence\jakarta.persistence-api\2.2.3\jakarta.persistence-api-2.2.3.jar;C:\Users\User\.m2\repository\org\hibernate\hibernate-core\5.6.9.Final\hibernate-core-5.6.9.Final.jar;C:\Users\User\.m2\repository\org\jboss\logging\jboss-logging\3.4.3.Final\jboss-logging-3.4.3.Final.jar;C:\Users\User\.m2\repository\net\bytebuddy\byte-buddy\1.11.22\byte-buddy-1.11.22.jar;C:\Users\User\.m2\repository\antlr\antlr\2.7.7\antlr-2.7.7.jar;C:\Users\User\.m2\repository\org\jboss\jandex\2.4.2.Final\jandex-2.4.2.Final.jar;C:\Users\User\.m2\repository\com\fasterxml\classmate\1.5.1\classmate-1.5.1.jar;C:\Users\User\.m2\repository\org\hibernate\common\hibernate-commons-annotations\5.1.2.Final\hibernate-commons-annotations-5.1.2.Final.jar;C:\Users\User\.m2\repository\org\glassfish\jaxb\jaxb-runtime\2.3.6\jaxb-runtime-2.3.6.jar;C:\Users\User\.m2\repository\org\glassfish\jaxb\txw2\2.3.6\txw2-2.3.6.jar;C:\Users\User\.m2\repository\com\sun\istack\istack-commons-runtime\3.0.12\istack-commons-runtime-3.0.12.jar;C:\Users\User\.m2\repository\org\springframework\data\spring-data-jpa\2.6.4\spring-data-jpa-2.6.4.jar;C:\Users\User\.m2\repository\org\springframework\data\spring-data-commons\2.6.4\spring-data-commons-2.6.4.jar;C:\Users\User\.m2\repository\org\springframework\spring-orm\5.3.20\spring-orm-5.3.20.jar;C:\Users\User\.m2\repository\org\springframework\spring-context\5.3.20\spring-context-5.3.20.jar;C:\Users\User\.m2\repository\org\springframework\spring-tx\5.3.20\spring-tx-5.3.20.jar;C:\Users\User\.m2\repository\org\springframework\spring-beans\5.3.20\spring-beans-5.3.20.jar;C:\Users\User\.m2\repository\org\slf4j\slf4j-api\1.7.36\slf4j-api-1.7.36.jar;C:\Users\User\.m2\repository\org\springframework\spring-aspects\5.3.20\spring-aspects-5.3.20.jar;C:\Users\User\.m2\repository\org\springframework\boot\spring-boot-starter-web\2.6.8\spring-boot-starter-web-2.6.8.jar;C:\Users\User\.m2\repository\org\springframework\boot\spring-boot-starter\2.6.8\spring-boot-starter-2.6.8.jar;C:\Users\User\.m2\repository\org\springframework\boot\spring-boot-starter-logging\2.6.8\spring-boot-starter-logging-2.6.8.jar;C:\Users\User\.m2\repository\ch\qos\logback\logback-classic\1.2.11\logback-classic-1.2.11.jar;C:\Users\User\.m2\repository\ch\qos\logback\logback-core\1.2.11\logback-core-1.2.11.jar;C:\Users\User\.m2\repository\org\apache\logging\log4j\log4j-to-slf4j\2.17.2\log4j-to-slf4j-2.17.2.jar;C:\Users\User\.m2\repository\org\apache\logging\log4j\log4j-api\2.17.2\log4j-api-2.17.2.jar;C:\Users\User\.m2\repository\org\slf4j\jul-to-slf4j\1.7.36\jul-to-slf4j-1.7.36.jar;C:\Users\User\.m2\repository\jakarta\annotation\jakarta.annotation-api\1.3.5\jakarta.annotation-api-1.3.5.jar;C:\Users\User\.m2\repository\org\yaml\snakeyaml\1.29\snakeyaml-1.29.jar;C:\Users\User\.m2\repository\org\springframework\boot\spring-boot-starter-json\2.6.8\spring-boot-starter-json-2.6.8.jar;C:\Users\User\.m2\repository\com\fasterxml\jackson\core\jackson-databind\2.13.3\jackson-databind-2.13.3.jar;C:\Users\User\.m2\repository\com\fasterxml\jackson\core\jackson-annotations\2.13.3\jackson-annotations-2.13.3.jar;C:\Users\User\.m2\repository\com\fasterxml\jackson\core\jackson-core\2.13.3\jackson-core-2.13.3.jar;C:\Users\User\.m2\repository\com\fasterxml\jackson\datatype\jackson-datatype-jdk8\2.13.3\jackson-datatype-jdk8-2.13.3.jar;C:\Users\User\.m2\repository\com\fasterxml\jackson\datatype\jackson-datatype-jsr310\2.13.3\jackson-datatype-jsr310-2.13.3.jar;C:\Users\User\.m2\repository\com\fasterxml\jackson\module\jackson-module-parameter-names\2.13.3\jackson-module-parameter-names-2.13.3.jar;C:\Users\User\.m2\repository\org\springframework\boot\spring-boot-starter-tomcat\2.6.8\spring-boot-starter-tomcat-2.6.8.jar;C:\Users\User\.m2\repository\org\apache\tomcat\embed\tomcat-embed-core\9.0.63\tomcat-embed-core-9.0.63.jar;C:\Users\User\.m2\repository\org\apache\tomcat\embed\tomcat-embed-el\9.0.63\tomcat-embed-el-9.0.63.jar;C:\Users\User\.m2\repository\org\apache\tomcat\embed\tomcat-embed-websocket\9.0.63\tomcat-embed-websocket-9.0.63.jar;C:\Users\User\.m2\repository\org\springframework\spring-web\5.3.20\spring-web-5.3.20.jar;C:\Users\User\.m2\repository\org\springframework\spring-webmvc\5.3.20\spring-webmvc-5.3.20.jar;C:\Users\User\.m2\repository\org\springframework\spring-expression\5.3.20\spring-expression-5.3.20.jar;C:\Users\User\.m2\repository\org\springframework\boot\spring-boot-starter-web-services\2.6.8\spring-boot-starter-web-services-2.6.8.jar;C:\Users\User\.m2\repository\com\sun\xml\messaging\saaj\saaj-impl\1.5.3\saaj-impl-1.5.3.jar;C:\Users\User\.m2\repository\jakarta\xml\soap\jakarta.xml.soap-api\1.4.2\jakarta.xml.soap-api-1.4.2.jar;C:\Users\User\.m2\repository\org\jvnet\staxex\stax-ex\1.8.3\stax-ex-1.8.3.jar;C:\Users\User\.m2\repository\com\sun\activation\jakarta.activation\1.2.2\jakarta.activation-1.2.2.jar;C:\Users\User\.m2\repository\jakarta\xml\ws\jakarta.xml.ws-api\2.3.3\jakarta.xml.ws-api-2.3.3.jar;C:\Users\User\.m2\repository\jakarta\jws\jakarta.jws-api\2.1.0\jakarta.jws-api-2.1.0.jar;C:\Users\User\.m2\repository\org\springframework\spring-oxm\5.3.20\spring-oxm-5.3.20.jar;C:\Users\User\.m2\repository\org\springframework\ws\spring-ws-core\3.1.3\spring-ws-core-3.1.3.jar;C:\Users\User\.m2\repository\org\springframework\ws\spring-xml\3.1.3\spring-xml-3.1.3.jar;C:\Users\User\.m2\repository\org\springframework\boot\spring-boot-devtools\2.6.8\spring-boot-devtools-2.6.8.jar;C:\Users\User\.m2\repository\org\springframework\boot\spring-boot\2.6.8\spring-boot-2.6.8.jar;C:\Users\User\.m2\repository\org\springframework\boot\spring-boot-autoconfigure\2.6.8\spring-boot-autoconfigure-2.6.8.jar;C:\Users\User\.m2\repository\com\h2database\h2\1.4.200\h2-1.4.200.jar;C:\Users\User\.m2\repository\jakarta\xml\bind\jakarta.xml.bind-api\2.3.3\jakarta.xml.bind-api-2.3.3.jar;C:\Users\User\.m2\repository\jakarta\activation\jakarta.activation-api\1.2.2\jakarta.activation-api-1.2.2.jar;C:\Users\User\.m2\repository\org\springframework\spring-core\5.3.20\spring-core-5.3.20.jar;C:\Users\User\.m2\repository\org\springframework\spring-jcl\5.3.20\spring-jcl-5.3.20.jar
Launcher Type: SUN_STANDARD

[Global flags]
     intx CICompilerCount                          = 4                                         {product} {ergonomic}
     uint ConcGCThreads                            = 2                                         {product} {ergonomic}
     uint G1ConcRefinementThreads                  = 8                                         {product} {ergonomic}
   size_t G1HeapRegionSize                         = 1048576                                   {product} {ergonomic}
    uintx GCDrainStackTargetSize                   = 64                                        {product} {ergonomic}
   size_t InitialHeapSize                          = 130023424                                 {product} {ergonomic}
     bool ManagementServer                         = true                                      {product} {command line}
   size_t MarkStackSize                            = 4194304                                   {product} {ergonomic}
   size_t MaxHeapSize                              = 2078277632                                {product} {ergonomic}
   size_t MaxNewSize                               = 1246756864                                {product} {ergonomic}
   size_t MinHeapDeltaBytes                        = 1048576                                   {product} {ergonomic}
   size_t MinHeapSize                              = 8388608                                   {product} {ergonomic}
    uintx NonProfiledCodeHeapSize                  = 0                                      {pd product} {ergonomic}
     bool ProfileInterpreter                       = false                                  {pd product} {command line}
    uintx ProfiledCodeHeapSize                     = 0                                      {pd product} {ergonomic}
     bool ShowCodeDetailsInExceptionMessages       = true                                   {manageable} {command line}
   size_t SoftMaxHeapSize                          = 2078277632                             {manageable} {ergonomic}
     intx TieredStopAtLevel                        = 1                                         {product} {command line}
     bool UseCompressedClassPointers               = true                           {product lp64_product} {ergonomic}
     bool UseCompressedOops                        = true                           {product lp64_product} {ergonomic}
     bool UseG1GC                                  = true                                      {product} {ergonomic}
     bool UseLargePagesIndividualAllocation        = false                                  {pd product} {ergonomic}

Logging:
Log output configuration:
 #0: stdout all=warning uptime,level,tags foldmultilines=false
 #1: stderr all=off uptime,level,tags foldmultilines=false

Environment Variables:
JAVA_HOME=C:\Program Files\Java\jdk-18.0.1.1
PATH=C:\Program Files\Common Files\Oracle\Java\javapath;C:\WINDOWS\system32;C:\WINDOWS;C:\WINDOWS\System32\Wbem;C:\WINDOWS\System32\WindowsPowerShell\v1.0\;C:\WINDOWS\System32\OpenSSH\;C:\Program Files\Git\cmd;C:\Program Files\dotnet\;C:\Program Files\Microsoft SQL Server\130\Tools\Binn\;C:\Program Files\Microsoft SQL Server\Client SDK\ODBC\170\Tools\Binn\;C:\Program Files (x86)\Microsoft SQL Server\150\DTS\Binn\;C:\Program Files (x86)\Microsoft SQL Server\150\Tools\Binn\;C:\Program Files\Microsoft SQL Server\150\Tools\Binn\;C:\Program Files\Microsoft SQL Server\150\DTS\Binn\;C:\Program Files\nodejs\;C:\Program Files\TortoiseGit\bin;C:\Users\User\Documents\gradle-7.4.2\bin;C:\Users\User\AppData\Local\Microsoft\WindowsApps;C:\Users\User\AppData\Roaming\npm;C:\Users\User\AppData\Local\GitHubDesktop\bin;C:\Users\User\AppData\Local\Programs\Microsoft VS Code\bin
USERNAME=User
OS=Windows_NT
PROCESSOR_IDENTIFIER=Intel64 Family 6 Model 142 Stepping 11, GenuineIntel



---------------  S Y S T E M  ---------------

OS:
 Windows 11 , 64 bit Build 22000 (10.0.22000.675)
OS uptime: 0 days 0:42 hours

CPU: total 8 (initial active 8) (4 cores per cpu, 2 threads per core) family 6 model 142 stepping 11 microcode 0xea, cx8, cmov, fxsr, ht, mmx, 3dnowpref, sse, sse2, sse3, ssse3, sse4.1, sse4.2, popcnt, lzcnt, tsc, tscinvbit, avx, avx2, aes, erms, clmul, bmi1, bmi2, adx, fma, vzeroupper, clflush, clflushopt

Memory: 4k page, system-wide physical 7923M (1171M free)
TotalPageFile size 16115M (AvailPageFile size 5756M)
current process WorkingSet (physical memory assigned to process): 209M, peak: 236M
current process commit charge ("private bytes"): 257M, peak: 292M

vm_info: Java HotSpot(TM) 64-Bit Server VM (18.0.1.1+2-6) for windows-amd64 JRE (18.0.1.1+2-6), built on Apr 25 2022 21:53:15 by "mach5one" with MS VC++ 16.8 / 16.9 (VS2019)

END.
